Change Component Designator: OldDesignator=C? NewDesignator=C11
Change Component Designator: OldDesignator=C? NewDesignator=C12
Change Component Designator: OldDesignator=C? NewDesignator=C13
Change Component Designator: OldDesignator=C? NewDesignator=C14
Change Component Designator: OldDesignator=C? NewDesignator=C15
Change Component Designator: OldDesignator=C? NewDesignator=C16
Change Component Designator: OldDesignator=C? NewDesignator=C17
Change Component Designator: OldDesignator=C? NewDesignator=C18
Change Component Designator: OldDesignator=C? NewDesignator=C19
Change Component Designator: OldDesignator=C? NewDesignator=C20
Change Component Designator: OldDesignator=C? NewDesignator=C21
Change Component Designator: OldDesignator=P? NewDesignator=P7
Change Component Designator: OldDesignator=R? NewDesignator=R4
Change Component Designator: OldDesignator=R? NewDesignator=R5
Change Component Designator: OldDesignator=R? NewDesignator=R6
Change Component Designator: OldDesignator=R? NewDesignator=R7
Change Component Designator: OldDesignator=R? NewDesignator=R8
Change Component Designator: OldDesignator=R? NewDesignator=R9
Change Component Designator: OldDesignator=R? NewDesignator=R10
Change Component Designator: OldDesignator=R? NewDesignator=R11
Change Component Designator: OldDesignator=R? NewDesignator=R12
Change Net Name : Old Net Name=NetC?_1 New Net Name=NetC15_1
Change Net Name : Old Net Name=NetC?_2 New Net Name=NetC11_2
Change Net Name : Old Net Name=NetR?_1 New Net Name=NetR11_1
Added Pin To Net: NetName=NetC11_1 Pin=C11-1
Added Pin To Net: NetName=NetC11_1 Pin=P7-1
Added Pin To Net: NetName=NetC11_1 Pin=R6-2
Added Net: Name=NetC11_1
Added Pin To Net: NetName=NetC12_1 Pin=C12-1
Added Pin To Net: NetName=NetC12_1 Pin=R7-2
Added Pin To Net: NetName=NetC12_1 Pin=U1-9
Added Net: Name=NetC12_1
Added Pin To Net: NetName=NetC13_1 Pin=C13-1
Added Pin To Net: NetName=NetC13_1 Pin=C14-1
Added Pin To Net: NetName=NetC13_1 Pin=R8-1
Added Pin To Net: NetName=NetC13_1 Pin=R9-2
Added Pin To Net: NetName=NetC13_1 Pin=R10-2
Added Net: Name=NetC13_1
Added Pin To Net: NetName=NetC16_2 Pin=C16-2
Added Pin To Net: NetName=NetC16_2 Pin=C17-1
Added Pin To Net: NetName=NetC16_2 Pin=C18-1
Added Pin To Net: NetName=NetC16_2 Pin=U1-6
Added Net: Name=NetC16_2
Added Pin To Net: NetName=NetC17_2 Pin=C17-2
Added Pin To Net: NetName=NetC17_2 Pin=C18-2
Added Pin To Net: NetName=NetC17_2 Pin=C19-1
Added Pin To Net: NetName=NetC17_2 Pin=U1-5
Added Net: Name=NetC17_2
Added Pin To Net: NetName=NetC20_1 Pin=C20-1
Added Pin To Net: NetName=NetC20_1 Pin=C21-1
Added Pin To Net: NetName=NetC20_1 Pin=R12-1
Added Pin To Net: NetName=NetC20_1 Pin=U1-4
Added Net: Name=NetC20_1
Added Member To Class: ClassName=Sheet1 Member=Component C2
Added Member To Class: ClassName=Sheet1 Member=Component C11
Added Member To Class: ClassName=Sheet1 Member=Component C12
Added Member To Class: ClassName=Sheet1 Member=Component C13
Added Member To Class: ClassName=Sheet1 Member=Component C14
Added Member To Class: ClassName=Sheet1 Member=Component C15
Added Member To Class: ClassName=Sheet1 Member=Component C16
Added Member To Class: ClassName=Sheet1 Member=Component C17
Added Member To Class: ClassName=Sheet1 Member=Component C18
Added Member To Class: ClassName=Sheet1 Member=Component C19
Added Member To Class: ClassName=Sheet1 Member=Component C20
Added Member To Class: ClassName=Sheet1 Member=Component C21
Added Member To Class: ClassName=Sheet1 Member=Component P7 Header 2
Added Member To Class: ClassName=Sheet1 Member=Component R3
Added Member To Class: ClassName=Sheet1 Member=Component R4
Added Member To Class: ClassName=Sheet1 Member=Component R5
Added Member To Class: ClassName=Sheet1 Member=Component R6
Added Member To Class: ClassName=Sheet1 Member=Component R7
Added Member To Class: ClassName=Sheet1 Member=Component R8
Added Member To Class: ClassName=Sheet1 Member=Component R9
Added Member To Class: ClassName=Sheet1 Member=Component R10
Added Member To Class: ClassName=Sheet1 Member=Component R11
Added Member To Class: ClassName=Sheet1 Member=Component R12
