Removed Pin From Net: NetName=NetP1_1 Pin=U1-13
Removed Pin From Net: NetName=NetP1_13 Pin=U1-15
Removed Pin From Net: NetName=NetP1_12 Pin=U1-16
Removed Pin From Net: NetName=NetP1_11 Pin=U1-17
Removed Pin From Net: NetName=NetP1_10 Pin=U1-18
Removed Pin From Net: NetName=NetP1_9 Pin=U1-19
Removed Pin From Net: NetName=NetP1_8 Pin=U1-20
Removed Pin From Net: NetName=NetP1_7 Pin=U1-21
Removed Pin From Net: NetName=NetP1_6 Pin=U1-22
Removed Pin From Net: NetName=NetP1_5 Pin=U1-25
Removed Pin From Net: NetName=NetP1_4 Pin=U1-26
Removed Pin From Net: NetName=NetP1_3 Pin=U1-27
Removed Pin From Net: NetName=NetP1_2 Pin=U1-28
Added Component: Designator=R14(RESC2013X50X30NL20T20)
Add component (AddParameter): Name = "Manufacturer"; Value = "Vishay Dale"; VariantName = "[No Variations]"
Add component (AddParameter): Name = "Part Number"; Value = "CRCW08054K32FKEA"; VariantName = "[No Variations]"
Add component (AddParameter): Name = "Size"; Value = "400R"; VariantName = "[No Variations]"
Added Component: Designator=R15(RESC2013X50X30NL20T20)
Add component (AddParameter): Name = "Manufacturer"; Value = "Vishay Dale"; VariantName = "[No Variations]"
Add component (AddParameter): Name = "Part Number"; Value = "CRCW08054K32FKEA"; VariantName = "[No Variations]"
Add component (AddParameter): Name = "Size"; Value = "400R"; VariantName = "[No Variations]"
Added Component: Designator=R16(RESC2013X50X30NL20T20)
Add component (AddParameter): Name = "Manufacturer"; Value = "Vishay Dale"; VariantName = "[No Variations]"
Add component (AddParameter): Name = "Part Number"; Value = "CRCW08054K32FKEA"; VariantName = "[No Variations]"
Add component (AddParameter): Name = "Size"; Value = "400R"; VariantName = "[No Variations]"
Added Component: Designator=R17(RESC2013X50X30NL20T20)
Add component (AddParameter): Name = "Manufacturer"; Value = "Vishay Dale"; VariantName = "[No Variations]"
Add component (AddParameter): Name = "Part Number"; Value = "CRCW08054K32FKEA"; VariantName = "[No Variations]"
Add component (AddParameter): Name = "Size"; Value = "400R"; VariantName = "[No Variations]"
Added Component: Designator=R18(RESC2013X50X30NL20T20)
Add component (AddParameter): Name = "Manufacturer"; Value = "Vishay Dale"; VariantName = "[No Variations]"
Add component (AddParameter): Name = "Part Number"; Value = "CRCW08054K32FKEA"; VariantName = "[No Variations]"
Add component (AddParameter): Name = "Size"; Value = "400R"; VariantName = "[No Variations]"
Added Component: Designator=R19(RESC2013X50X30NL20T20)
Add component (AddParameter): Name = "Manufacturer"; Value = "Vishay Dale"; VariantName = "[No Variations]"
Add component (AddParameter): Name = "Part Number"; Value = "CRCW08054K32FKEA"; VariantName = "[No Variations]"
Add component (AddParameter): Name = "Size"; Value = "400R"; VariantName = "[No Variations]"
Added Component: Designator=R20(RESC2013X50X30NL20T20)
Add component (AddParameter): Name = "Manufacturer"; Value = "Vishay Dale"; VariantName = "[No Variations]"
Add component (AddParameter): Name = "Part Number"; Value = "CRCW08054K32FKEA"; VariantName = "[No Variations]"
Add component (AddParameter): Name = "Size"; Value = "400R"; VariantName = "[No Variations]"
Added Component: Designator=R21(RESC2013X50X30NL20T20)
Add component (AddParameter): Name = "Manufacturer"; Value = "Vishay Dale"; VariantName = "[No Variations]"
Add component (AddParameter): Name = "Part Number"; Value = "CRCW08054K32FKEA"; VariantName = "[No Variations]"
Add component (AddParameter): Name = "Size"; Value = "400R"; VariantName = "[No Variations]"
Added Component: Designator=R22(RESC2013X50X30NL20T20)
Add component (AddParameter): Name = "Manufacturer"; Value = "Vishay Dale"; VariantName = "[No Variations]"
Add component (AddParameter): Name = "Part Number"; Value = "CRCW08054K32FKEA"; VariantName = "[No Variations]"
Add component (AddParameter): Name = "Size"; Value = "400R"; VariantName = "[No Variations]"
Added Component: Designator=R23(RESC2013X50X30NL20T20)
Add component (AddParameter): Name = "Manufacturer"; Value = "Vishay Dale"; VariantName = "[No Variations]"
Add component (AddParameter): Name = "Part Number"; Value = "CRCW08054K32FKEA"; VariantName = "[No Variations]"
Add component (AddParameter): Name = "Size"; Value = "400R"; VariantName = "[No Variations]"
Added Component: Designator=R24(RESC2013X50X30NL20T20)
Add component (AddParameter): Name = "Manufacturer"; Value = "Vishay Dale"; VariantName = "[No Variations]"
Add component (AddParameter): Name = "Part Number"; Value = "CRCW08054K32FKEA"; VariantName = "[No Variations]"
Add component (AddParameter): Name = "Size"; Value = "400R"; VariantName = "[No Variations]"
Added Component: Designator=R25(RESC2013X50X30NL20T20)
Add component (AddParameter): Name = "Manufacturer"; Value = "Vishay Dale"; VariantName = "[No Variations]"
Add component (AddParameter): Name = "Part Number"; Value = "CRCW08054K32FKEA"; VariantName = "[No Variations]"
Add component (AddParameter): Name = "Size"; Value = "400R"; VariantName = "[No Variations]"
Added Component: Designator=R26(RESC2013X50X30NL20T20)
Add component (AddParameter): Name = "Manufacturer"; Value = "Vishay Dale"; VariantName = "[No Variations]"
Add component (AddParameter): Name = "Part Number"; Value = "CRCW08054K32FKEA"; VariantName = "[No Variations]"
Add component (AddParameter): Name = "Size"; Value = "400R"; VariantName = "[No Variations]"
Added Pin To Net: NetName=NetP1_13 Pin=R14-2
Added Pin To Net: NetName=NetP1_12 Pin=R15-2
Added Pin To Net: NetName=NetP1_11 Pin=R16-2
Added Pin To Net: NetName=NetP1_10 Pin=R17-2
Added Pin To Net: NetName=NetP1_9 Pin=R18-2
Added Pin To Net: NetName=NetP1_8 Pin=R19-2
Added Pin To Net: NetName=NetP1_7 Pin=R20-2
Added Pin To Net: NetName=NetP1_6 Pin=R21-2
Added Pin To Net: NetName=NetP1_5 Pin=R22-2
Added Pin To Net: NetName=NetP1_4 Pin=R23-2
Added Pin To Net: NetName=NetP1_3 Pin=R24-2
Added Pin To Net: NetName=NetP1_2 Pin=R25-2
Added Pin To Net: NetName=NetP1_1 Pin=R26-2
Added Pin To Net: NetName=NetR14_1 Pin=R14-1
Added Pin To Net: NetName=NetR14_1 Pin=U1-15
Added Net: Name=NetR14_1
Added Pin To Net: NetName=NetR15_1 Pin=R15-1
Added Pin To Net: NetName=NetR15_1 Pin=U1-16
Added Net: Name=NetR15_1
Added Pin To Net: NetName=NetR16_1 Pin=R16-1
Added Pin To Net: NetName=NetR16_1 Pin=U1-17
Added Net: Name=NetR16_1
Added Pin To Net: NetName=NetR17_1 Pin=R17-1
Added Pin To Net: NetName=NetR17_1 Pin=U1-18
Added Net: Name=NetR17_1
Added Pin To Net: NetName=NetR18_1 Pin=R18-1
Added Pin To Net: NetName=NetR18_1 Pin=U1-19
Added Net: Name=NetR18_1
Added Pin To Net: NetName=NetR19_1 Pin=R19-1
Added Pin To Net: NetName=NetR19_1 Pin=U1-20
Added Net: Name=NetR19_1
Added Pin To Net: NetName=NetR20_1 Pin=R20-1
Added Pin To Net: NetName=NetR20_1 Pin=U1-21
Added Net: Name=NetR20_1
Added Pin To Net: NetName=NetR21_1 Pin=R21-1
Added Pin To Net: NetName=NetR21_1 Pin=U1-22
Added Net: Name=NetR21_1
Added Pin To Net: NetName=NetR22_1 Pin=R22-1
Added Pin To Net: NetName=NetR22_1 Pin=U1-25
Added Net: Name=NetR22_1
Added Pin To Net: NetName=NetR23_1 Pin=R23-1
Added Pin To Net: NetName=NetR23_1 Pin=U1-26
Added Net: Name=NetR23_1
Added Pin To Net: NetName=NetR24_1 Pin=R24-1
Added Pin To Net: NetName=NetR24_1 Pin=U1-27
Added Net: Name=NetR24_1
Added Pin To Net: NetName=NetR25_1 Pin=R25-1
Added Pin To Net: NetName=NetR25_1 Pin=U1-28
Added Net: Name=NetR25_1
Added Pin To Net: NetName=NetR26_1 Pin=R26-1
Added Pin To Net: NetName=NetR26_1 Pin=U1-13
Added Net: Name=NetR26_1
Added Member To Class: ClassName=Sheet1 Member=Component R14
Added Member To Class: ClassName=Sheet1 Member=Component R15
Added Member To Class: ClassName=Sheet1 Member=Component R16
Added Member To Class: ClassName=Sheet1 Member=Component R17
Added Member To Class: ClassName=Sheet1 Member=Component R18
Added Member To Class: ClassName=Sheet1 Member=Component R19
Added Member To Class: ClassName=Sheet1 Member=Component R20
Added Member To Class: ClassName=Sheet1 Member=Component R21
Added Member To Class: ClassName=Sheet1 Member=Component R22
Added Member To Class: ClassName=Sheet1 Member=Component R23
Added Member To Class: ClassName=Sheet1 Member=Component R24
Added Member To Class: ClassName=Sheet1 Member=Component R25
Added Member To Class: ClassName=Sheet1 Member=Component R26
