Change Component Footprint: Designator=P1 Old Footprint=HDR2X13 New Footprint=HDR1X14
Change Component Comment : Designator=P7 Old Comment=Header 2 New Comment=Signal
Change Component Comment : Designator=P2 Old Comment=Header 2 New Comment=Supply
Change Component Comment : Designator=P1 Old Comment=Header 13X2 New Comment=Jrpi
Added Component: Designator=R13(RESC2013X50X30NL20T20)
Add component (AddParameter): Name = "Manufacturer"; Value = "Vishay Dale"; VariantName = "[No Variations]"
Add component (AddParameter): Name = "Part Number"; Value = "CRCW08054K32FKEA"; VariantName = "[No Variations]"
Add component (AddParameter): Name = "Size"; Value = "NC"; VariantName = "[No Variations]"
Added Pin To Net: NetName=GND Pin=P1-14
Added Pin To Net: NetName=GND Pin=R13-2
Added Pin To Net: NetName=NetP1_1 Pin=P1-1
Added Pin To Net: NetName=NetP1_1 Pin=U1-13
Added Net: Name=NetP1_1
Added Pin To Net: NetName=NetP1_2 Pin=P1-2
Added Pin To Net: NetName=NetP1_2 Pin=U1-28
Added Net: Name=NetP1_2
Added Pin To Net: NetName=NetP1_3 Pin=P1-3
Added Pin To Net: NetName=NetP1_3 Pin=U1-27
Added Net: Name=NetP1_3
Added Pin To Net: NetName=NetP1_4 Pin=P1-4
Added Pin To Net: NetName=NetP1_4 Pin=U1-26
Added Net: Name=NetP1_4
Added Pin To Net: NetName=NetP1_5 Pin=P1-5
Added Pin To Net: NetName=NetP1_5 Pin=U1-25
Added Net: Name=NetP1_5
Added Pin To Net: NetName=NetP1_6 Pin=P1-6
Added Pin To Net: NetName=NetP1_6 Pin=U1-22
Added Net: Name=NetP1_6
Added Pin To Net: NetName=NetP1_7 Pin=P1-7
Added Pin To Net: NetName=NetP1_7 Pin=U1-21
Added Net: Name=NetP1_7
Added Pin To Net: NetName=NetP1_8 Pin=P1-8
Added Pin To Net: NetName=NetP1_8 Pin=U1-20
Added Net: Name=NetP1_8
Added Pin To Net: NetName=NetP1_9 Pin=P1-9
Added Pin To Net: NetName=NetP1_9 Pin=U1-19
Added Net: Name=NetP1_9
Added Pin To Net: NetName=NetP1_10 Pin=P1-10
Added Pin To Net: NetName=NetP1_10 Pin=U1-18
Added Net: Name=NetP1_10
Added Pin To Net: NetName=NetP1_11 Pin=P1-11
Added Pin To Net: NetName=NetP1_11 Pin=U1-17
Added Net: Name=NetP1_11
Added Pin To Net: NetName=NetP1_12 Pin=P1-12
Added Pin To Net: NetName=NetP1_12 Pin=U1-16
Added Net: Name=NetP1_12
Added Pin To Net: NetName=NetP1_13 Pin=P1-13
Added Pin To Net: NetName=NetP1_13 Pin=U1-15
Added Net: Name=NetP1_13
Added Pin To Net: NetName=NetR13_1 Pin=R13-1
Added Pin To Net: NetName=NetR13_1 Pin=U1-1
Added Net: Name=NetR13_1
Added Member To Class: ClassName=Sheet1 Member=Component R13
