Removed Pin From Net: NetName=NetP4_1 Pin=P4-1
Removed Pin From Net: NetName=NetC10_2 Pin=P4-2
Removed Pin From Net: NetName=NetP5_1 Pin=P5-1
Removed Pin From Net: NetName=NetC10_2 Pin=P5-2
Removed Pin From Net: NetName=GND Pin=P6-1
Removed Pin From Net: NetName=NetC10_2 Pin=P6-2
Removed Pin From Net: NetName=NetP4_1 Pin=R1-1
Removed Pin From Net: NetName=NetP5_1 Pin=R2-1
Removed Pin From Net: NetName=NetP4_1 Pin=R2-2
Removed Pin From Net: NetName=NetP5_1 Pin=R3-2
Removed Member From Class: ClassName=Sheet1 Member=P4
Removed Member From Class: ClassName=Sheet1 Member=P5
Removed Member From Class: ClassName=Sheet1 Member=P6
Change Component Footprint: Designator=P3 Old Footprint=HDR1X2 New Footprint=HDR2X4H
Change Component Comment : Designator=P3 Old Comment=Header 2 New Comment=Header 4X2H
Added Pin To Net: NetName=NetP5_1 Pin=P3-3
Added Pin To Net: NetName=NetC10_2 Pin=P3-4
Added Pin To Net: NetName=NetP4_1 Pin=P3-5
Added Pin To Net: NetName=NetC10_2 Pin=P3-6
Added Pin To Net: NetName=GND Pin=P3-7
Added Pin To Net: NetName=NetC10_2 Pin=P3-8
Added Pin To Net: NetName=NetP5_1 Pin=R1-1
Added Pin To Net: NetName=NetP4_1 Pin=R2-1
Added Pin To Net: NetName=NetP5_1 Pin=R2-2
Added Pin To Net: NetName=NetP4_1 Pin=R3-2
Change Net Name : Old Net Name=NetP4_1 New Net Name=NetP3_5
Change Net Name : Old Net Name=NetP5_1 New Net Name=NetP3_3
